nohup: 입력 무시

> webgame-platform@1.0.0 start
> concurrently "npm run server" "npm run client"

[1] 
[1] > webgame-platform@1.0.0 client
[1] > cd client && npm run dev
[1] 
[0] 
[0] > webgame-platform@1.0.0 server
[0] > ts-node src/app.ts
[0] 
[1] 
[1] > client@0.0.0 dev
[1] > vite
[1] 
[1] 
[1]   VITE v6.3.4  ready in 469 ms
[1] 
[1]   ➜  Local:   http://localhost:8001/
[1]   ➜  Network: http://192.168.0.51:8001/
[1]   ➜  Network: http://10.188.216.100:8001/
[0] Server is running on http://lisyoen2.iptime.org:8000
[0] 요청: GET /
[0] GET / 요청 처리 중...
[0] 요청: GET /favicon.ico
[0] 요청: GET /
[0] GET / 요청 처리 중...
[0] 요청: GET /
[0] GET / 요청 처리 중...
[0] npm run server exited with code SIGHUP
[1] npm run client exited with code SIGHUP
